d:\documents\muhan\taengine\taengine\debug\vc120.pdb
d:\documents\muhan\taengine\taengine\debug\vc120.idb
d:\documents\muhan\taengine\taengine\debug\debugrenderer.obj
d:\documents\muhan\taengine\debug\taengine\taengine.lib
d:\documents\muhan\taengine\taengine\debug\priconfig.xml
d:\documents\muhan\taengine\taengine\debug\priconfig.xml.intermediate
d:\documents\muhan\taengine\taengine\debug\layout.resfiles
d:\documents\muhan\taengine\taengine\debug\layout.resfiles.intermediate
d:\documents\muhan\taengine\taengine\debug\resources.resfiles
d:\documents\muhan\taengine\taengine\debug\resources.resfiles.intermediate
d:\documents\muhan\taengine\taengine\debug\pri.resfiles
d:\documents\muhan\taengine\taengine\debug\pri.resfiles.intermediate
d:\documents\muhan\taengine\debug\taengine\taengine.pri
d:\documents\muhan\taengine\taengine\debug\qualifiers.txt
d:\documents\muhan\taengine\taengine\debug\qualifiers.txt.intermediate
d:\documents\muhan\taengine\taengine\debug\multiplequalifiersperdimensionfound.txt
d:\documents\muhan\taengine\taengine\debug\audioengine.obj
d:\documents\muhan\taengine\taengine\debug\camera2d.obj
d:\documents\muhan\taengine\taengine\debug\glslprogram.obj
d:\documents\muhan\taengine\taengine\debug\imageloader.obj
d:\documents\muhan\taengine\taengine\debug\imaingame.obj
d:\documents\muhan\taengine\taengine\debug\inputmanager.obj
d:\documents\muhan\taengine\taengine\debug\iomanager.obj
d:\documents\muhan\taengine\taengine\debug\particlebatch2d.obj
d:\documents\muhan\taengine\taengine\debug\particleengine2d.obj
d:\documents\muhan\taengine\taengine\debug\picopng.obj
d:\documents\muhan\taengine\taengine\debug\resourcemanager.obj
d:\documents\muhan\taengine\taengine\debug\screenlist.obj
d:\documents\muhan\taengine\taengine\debug\sprite.obj
d:\documents\muhan\taengine\taengine\debug\spritebatch.obj
d:\documents\muhan\taengine\taengine\debug\spritefont.obj
d:\documents\muhan\taengine\taengine\debug\taengine.obj
d:\documents\muhan\taengine\taengine\debug\taengineerrors.obj
d:\documents\muhan\taengine\taengine\debug\texturecache.obj
d:\documents\muhan\taengine\taengine\debug\timing.obj
d:\documents\muhan\taengine\taengine\debug\window.obj
d:\documents\muhan\taengine\taengine\debug\taengine.tlog\cl.command.1.tlog
d:\documents\muhan\taengine\taengine\debug\taengine.tlog\cl.read.1.tlog
d:\documents\muhan\taengine\taengine\debug\taengine.tlog\cl.write.1.tlog
d:\documents\muhan\taengine\taengine\debug\taengine.tlog\lib-link.read.1.tlog
d:\documents\muhan\taengine\taengine\debug\taengine.tlog\lib-link.write.1.tlog
d:\documents\muhan\taengine\taengine\debug\taengine.tlog\lib.command.1.tlog
d:\documents\muhan\taengine\taengine\debug\taengine.tlog\taengine.read.1u.tlog
d:\documents\muhan\taengine\taengine\debug\taengine.tlog\taengine.write.1u.tlog
