d:\documents\muhan\taengine\taengine\release\screenlist.obj
d:\documents\muhan\taengine\taengine\release\taengineerrors.obj
d:\documents\muhan\taengine\taengine\release\picopng.obj
d:\documents\muhan\taengine\taengine\release\spritebatch.obj
d:\documents\muhan\taengine\taengine\release\camera2d.obj
d:\documents\muhan\taengine\taengine\release\glslprogram.obj
d:\documents\muhan\taengine\taengine\release\sprite.obj
d:\documents\muhan\taengine\taengine\release\particlebatch2d.obj
d:\documents\muhan\taengine\taengine\release\inputmanager.obj
d:\documents\muhan\taengine\taengine\release\taengine.obj
d:\documents\muhan\taengine\taengine\release\timing.obj
d:\documents\muhan\taengine\taengine\release\audioengine.obj
d:\documents\muhan\taengine\taengine\release\imageloader.obj
d:\documents\muhan\taengine\taengine\release\spritefont.obj
d:\documents\muhan\taengine\taengine\release\particleengine2d.obj
d:\documents\muhan\taengine\taengine\release\iomanager.obj
d:\documents\muhan\taengine\taengine\release\texturecache.obj
d:\documents\muhan\taengine\taengine\release\imaingame.obj
d:\documents\muhan\taengine\taengine\release\resourcemanager.obj
d:\documents\muhan\taengine\taengine\release\window.obj
d:\documents\muhan\taengine\taengine\release\vc120.pdb
d:\documents\muhan\taengine\release\taengine\taengine.lib
d:\documents\muhan\taengine\taengine\release\priconfig.xml
d:\documents\muhan\taengine\taengine\release\priconfig.xml.intermediate
d:\documents\muhan\taengine\taengine\release\layout.resfiles
d:\documents\muhan\taengine\taengine\release\layout.resfiles.intermediate
d:\documents\muhan\taengine\taengine\release\resources.resfiles
d:\documents\muhan\taengine\taengine\release\resources.resfiles.intermediate
d:\documents\muhan\taengine\taengine\release\pri.resfiles
d:\documents\muhan\taengine\taengine\release\pri.resfiles.intermediate
d:\documents\muhan\taengine\release\taengine\taengine.pri
d:\documents\muhan\taengine\taengine\release\qualifiers.txt
d:\documents\muhan\taengine\taengine\release\qualifiers.txt.intermediate
d:\documents\muhan\taengine\taengine\release\multiplequalifiersperdimensionfound.txt
d:\documents\muhan\taengine\taengine\release\taengine.tlog\cl.command.1.tlog
d:\documents\muhan\taengine\taengine\release\taengine.tlog\cl.read.1.tlog
d:\documents\muhan\taengine\taengine\release\taengine.tlog\cl.write.1.tlog
d:\documents\muhan\taengine\taengine\release\taengine.tlog\lib-link.read.1.tlog
d:\documents\muhan\taengine\taengine\release\taengine.tlog\lib-link.write.1.tlog
d:\documents\muhan\taengine\taengine\release\taengine.tlog\lib.command.1.tlog
d:\documents\muhan\taengine\taengine\release\taengine.tlog\taengine.read.1u.tlog
d:\documents\muhan\taengine\taengine\release\taengine.tlog\taengine.write.1u.tlog
